<?xml version="1.0" encoding="UTF-8"?>
<testsuite name="PingPongTest" tests="4" skipped="0" failures="0" errors="0" timestamp="2016-04-18T21:00:47" hostname="epicodus-42.local" time="0.002">
  <properties/>
  <testcase name="isPingPong_forInputNumberDivisibleByFifteen_ArrayList" classname="PingPongTest" time="0.002"/>
  <testcase name="isPingPong_forInputNumberDivisibleByFive_ArrayList" classname="PingPongTest" time="0.0"/>
  <testcase name="isPingPong_forInputNumberDivisibleByThree_ArrayList" classname="PingPongTest" time="0.0"/>
  <testcase name="isPingPong_forInputNumber_ArrayList" classname="PingPongTest" time="0.0"/>
  <system-out><![CDATA[]]></system-out>
  <system-err><![CDATA[]]></system-err>
</testsuite>
